2023/11/13 11:52:28 This is a test log entry
2023/11/13 14:56:05 got error in /: in Connecet2DB("root:abichan9@tcp(localhost:3306)/loldictdb"), db.Ping() returned error: Error 1045 (28000): Access denied for user 'root'@'localhost' (using password: YES)
2023/11/13 14:56:18 got error in /: pullKeyowrdListFromDB(&{{{} {} 0} 0xc00000a078 {{} {} 0} {0 0} [] map[] 0 0 0xc000030540 false map[] map[] 0 0 0 0 <nil> 0 0 0 0 0x1ecda0}): got error while executing query, error: Error 1045 (28000): Access denied for user 'root'@'localhost' (using password: YES)
2023/11/13 14:56:19 got error in /: pullKeyowrdListFromDB(&{{{} {} 0} 0xc00000a078 {{} {} 0} {0 0} [] map[] 0 0 0xc000030540 false map[] map[] 0 0 0 0 <nil> 0 0 0 0 0x1ecda0}): got error while executing query, error: Error 1045 (28000): Access denied for user 'root'@'localhost' (using password: YES)
2023/11/13 14:57:48 in Connecet2DB("root:abichan9@tcp(localhost:3306)/loldictdb"), db.Ping() returned error: Error 1045 (28000): Access denied for user 'root'@'localhost' (using password: YES)
2023/11/16 15:03:13 got error in /: pullKeyowrdListFromDB(&{{{} {} 0} 0xc0000ca068 {{} {} 1} {0 0} [] map[] 0 0 0xc0000864e0 true map[] map[] 0 0 0 0 <nil> 0 0 0 0 0xfd6a00}): got error while executing query, error: sql: database is closed
2023/11/16 15:06:10 got error in /: pullKeyowrdListFromDB(&{{{} {} 0} 0xc0000ca068 {{} {} 1} {0 0} [] map[] 0 0 0xc0000864e0 true map[] map[] 0 0 0 0 <nil> 0 0 0 0 0xfd6a00}): got error while executing query, error: sql: database is closed
2023/11/16 15:07:38 got error in /: pullKeyowrdListFromDB(&{{{} {} 0} 0xc0000ca068 {{} {} 1} {0 0} [] map[] 0 0 0xc0000864e0 true map[] map[] 0 0 0 0 <nil> 0 0 0 0 0xfd6a00}): got error while executing query, error: sql: database is closed
2023/11/16 15:07:42 got error in /: pullKeyowrdListFromDB(&{{{} {} 0} 0xc0000ca068 {{} {} 1} {0 0} [] map[] 0 0 0xc0000864e0 true map[] map[] 0 0 0 0 <nil> 0 0 0 0 0xfd6a00}): got error while executing query, error: sql: database is closed
2023/11/16 15:07:57 got error in /: pullKeyowrdListFromDB(&{{{} {} 0} 0xc0000ca068 {{} {} 1} {0 0} [] map[] 0 0 0xc0000864e0 true map[] map[] 0 0 0 0 <nil> 0 0 0 0 0xfd6a00}): got error while executing query, error: sql: database is closed
2023/11/16 15:09:54 got error in /: pullKeyowrdListFromDB(&{{{} {} 0} 0xc0000ca068 {{} {} 1} {0 0} [] map[] 0 0 0xc0000864e0 true map[] map[] 0 0 0 0 <nil> 0 0 0 0 0x166a00}): got error while executing query, error: sql: database is closed
2023/11/16 17:19:59 fsfsfsdfsdfsfsfd
2023/11/16 17:20:28 fsfsfsdfsdfsfsfd
2023/11/16 17:21:00 fsfsfsdfsdfsfsfd
2023/11/16 17:21:02 fsfsfsdfsdfsfsfd
2023/11/16 17:21:03 fsfsfsdfsdfsfsfd
2023/11/16 17:41:35 fsfsfsdfsdfsfsfd
2023/11/20 16:11:44 in /register, c.Bind(&{  }) returned error: code=400, message=invalid semicolon separator in query, internal=invalid semicolon separator in query
2023/11/20 16:11:44 in /register, c.Bind(&{  }) returned error: code=400, message=invalid semicolon separator in query, internal=invalid semicolon separator in query
2023/11/21 11:24:57 in /register, c.Bind(&{  }) returned error: code=400, message=invalid semicolon separator in query, internal=invalid semicolon separator in query
2023/11/21 11:24:57 in /register, c.Bind(&{  }) returned error: code=400, message=invalid semicolon separator in query, internal=invalid semicolon separator in query
2023/11/21 12:07:02 in /register, c.Bind(&{  }) returned error: code=400, message=invalid semicolon separator in query, internal=invalid semicolon separator in query
2023/11/21 12:07:02 in /register, c.Bind(&{  }) returned error: code=400, message=invalid semicolon separator in query, internal=invalid semicolon separator in query
2023/11/21 12:07:02 in /register, c.Bind(&{  }) returned error: code=400, message=invalid semicolon separator in query, internal=invalid semicolon separator in query
2023/11/21 12:07:02 in /register, c.Bind(&{  }) returned error: code=400, message=invalid semicolon separator in query, internal=invalid semicolon separator in query
2023/11/21 12:31:13 in /register, c.Bind(&{  }) returned error: code=400, message=invalid semicolon separator in query, internal=invalid semicolon separator in query
2023/11/21 12:31:13 in /register, c.Bind(&{  }) returned error: code=400, message=invalid semicolon separator in query, internal=invalid semicolon separator in query
2023/11/21 12:31:13 in /register, c.Bind(&{  }) returned error: code=400, message=invalid semicolon separator in query, internal=invalid semicolon separator in query
2023/11/21 12:31:13 in /register, c.Bind(&{  }) returned error: code=400, message=invalid semicolon separator in query, internal=invalid semicolon separator in query
2023/11/21 12:43:28 in /register, c.Bind(&{  }) returned error: code=400, message=invalid semicolon separator in query, internal=invalid semicolon separator in query
2023/11/21 12:43:28 in /register, c.Bind(&{  }) returned error: code=400, message=invalid semicolon separator in query, internal=invalid semicolon separator in query
2023/11/21 12:43:28 in /register, c.Bind(&{  }) returned error: code=400, message=invalid semicolon separator in query, internal=invalid semicolon separator in query
2023/11/21 12:43:28 in /register, c.Bind(&{  }) returned error: code=400, message=invalid semicolon separator in query, internal=invalid semicolon separator in query
2023/11/21 12:44:15 in /register, c.Bind(&{  }) returned error: code=400, message=invalid semicolon separator in query, internal=invalid semicolon separator in query
2023/11/21 12:44:15 in /register, c.Bind(&{  }) returned error: code=400, message=invalid semicolon separator in query, internal=invalid semicolon separator in query
2023/11/21 12:44:15 in /register, c.Bind(&{  }) returned error: code=400, message=invalid semicolon separator in query, internal=invalid semicolon separator in query
2023/11/21 12:44:15 in /register, c.Bind(&{  }) returned error: code=400, message=invalid semicolon separator in query, internal=invalid semicolon separator in query
2023/11/21 13:07:04 in /register, c.Bind(&{  }) returned error: code=400, message=invalid semicolon separator in query, internal=invalid semicolon separator in query
2023/11/21 13:07:04 in /register, c.Bind(&{  }) returned error: code=400, message=invalid semicolon separator in query, internal=invalid semicolon separator in query
2023/11/21 13:07:04 in /register, c.Bind(&{  }) returned error: code=400, message=invalid semicolon separator in query, internal=invalid semicolon separator in query
2023/11/21 13:07:04 in /register, c.Bind(&{  }) returned error: code=400, message=invalid semicolon separator in query, internal=invalid semicolon separator in query
2023/11/21 13:20:08 in /register, c.Bind(&{  }) returned error: code=400, message=invalid semicolon separator in query, internal=invalid semicolon separator in query
2023/11/21 13:20:08 in /register, c.Bind(&{  }) returned error: code=400, message=invalid semicolon separator in query, internal=invalid semicolon separator in query
2023/11/21 13:20:08 in /register, c.Bind(&{  }) returned error: code=400, message=invalid semicolon separator in query, internal=invalid semicolon separator in query
2023/11/21 13:20:08 in /register, c.Bind(&{  }) returned error: code=400, message=invalid semicolon separator in query, internal=invalid semicolon separator in query
2023/11/21 13:21:42 in /register, c.Bind(&{  }) returned error: code=400, message=invalid semicolon separator in query, internal=invalid semicolon separator in query
2023/11/21 13:21:42 in /register, c.Bind(&{  }) returned error: code=400, message=invalid semicolon separator in query, internal=invalid semicolon separator in query
2023/11/21 13:21:42 in /register, c.Bind(&{  }) returned error: code=400, message=invalid semicolon separator in query, internal=invalid semicolon separator in query
2023/11/21 13:21:42 in /register, c.Bind(&{  }) returned error: code=400, message=invalid semicolon separator in query, internal=invalid semicolon separator in query
2023/11/21 13:34:23 in /register, c.Bind(&{  }) returned error: code=400, message=invalid semicolon separator in query, internal=invalid semicolon separator in query
2023/11/21 13:34:23 in /register, c.Bind(&{  }) returned error: code=400, message=invalid semicolon separator in query, internal=invalid semicolon separator in query
2023/11/21 13:34:23 in /register, c.Bind(&{  }) returned error: code=400, message=invalid semicolon separator in query, internal=invalid semicolon separator in query
2023/11/21 13:34:23 in /register, c.Bind(&{  }) returned error: code=400, message=invalid semicolon separator in query, internal=invalid semicolon separator in query
2023/11/21 13:34:42 in /register, c.Bind(&{  }) returned error: code=400, message=invalid semicolon separator in query, internal=invalid semicolon separator in query
2023/11/21 13:34:42 in /register, c.Bind(&{  }) returned error: code=400, message=invalid semicolon separator in query, internal=invalid semicolon separator in query
2023/11/21 13:34:42 in /register, c.Bind(&{  }) returned error: code=400, message=invalid semicolon separator in query, internal=invalid semicolon separator in query
2023/11/21 13:34:42 in /register, c.Bind(&{  }) returned error: code=400, message=invalid semicolon separator in query, internal=invalid semicolon separator in query
2023/11/21 13:36:59 in /register, c.Bind(&{  }) returned error: code=400, message=invalid semicolon separator in query, internal=invalid semicolon separator in query
2023/11/21 13:36:59 in /register, c.Bind(&{  }) returned error: code=400, message=invalid semicolon separator in query, internal=invalid semicolon separator in query
2023/11/21 13:36:59 in /register, c.Bind(&{  }) returned error: code=400, message=invalid semicolon separator in query, internal=invalid semicolon separator in query
2023/11/21 13:36:59 in /register, c.Bind(&{  }) returned error: code=400, message=invalid semicolon separator in query, internal=invalid semicolon separator in query
2023/11/21 13:37:28 in /register, c.Bind(&{  }) returned error: code=400, message=invalid semicolon separator in query, internal=invalid semicolon separator in query
2023/11/21 13:37:28 in /register, c.Bind(&{  }) returned error: code=400, message=invalid semicolon separator in query, internal=invalid semicolon separator in query
2023/11/21 13:37:28 in /register, c.Bind(&{  }) returned error: code=400, message=invalid semicolon separator in query, internal=invalid semicolon separator in query
2023/11/21 13:37:28 in /register, c.Bind(&{  }) returned error: code=400, message=invalid semicolon separator in query, internal=invalid semicolon separator in query
2023/11/21 13:38:05 in /register, c.Bind(&{  }) returned error: code=400, message=invalid semicolon separator in query, internal=invalid semicolon separator in query
2023/11/21 13:38:05 in /register, c.Bind(&{  }) returned error: code=400, message=invalid semicolon separator in query, internal=invalid semicolon separator in query
2023/11/21 13:38:05 in /register, c.Bind(&{  }) returned error: code=400, message=invalid semicolon separator in query, internal=invalid semicolon separator in query
2023/11/21 13:38:05 in /register, c.Bind(&{  }) returned error: code=400, message=invalid semicolon separator in query, internal=invalid semicolon separator in query
2023/11/21 13:39:07 in /register, c.Bind(&{  }) returned error: code=400, message=invalid semicolon separator in query, internal=invalid semicolon separator in query
2023/11/21 13:39:07 in /register, c.Bind(&{  }) returned error: code=400, message=invalid semicolon separator in query, internal=invalid semicolon separator in query
2023/11/21 13:39:07 in /register, c.Bind(&{  }) returned error: code=400, message=invalid semicolon separator in query, internal=invalid semicolon separator in query
2023/11/21 13:39:07 in /register, c.Bind(&{  }) returned error: code=400, message=invalid semicolon separator in query, internal=invalid semicolon separator in query
2023/11/21 13:42:11 in /register, c.Bind(&{  }) returned error: code=400, message=invalid semicolon separator in query, internal=invalid semicolon separator in query
2023/11/21 13:42:11 in /register, c.Bind(&{  }) returned error: code=400, message=invalid semicolon separator in query, internal=invalid semicolon separator in query
2023/11/21 13:42:11 in /register, c.Bind(&{  }) returned error: code=400, message=invalid semicolon separator in query, internal=invalid semicolon separator in query
2023/11/21 13:42:11 in /register, c.Bind(&{  }) returned error: code=400, message=invalid semicolon separator in query, internal=invalid semicolon separator in query
2023/11/21 14:04:07 in /register, c.Bind(&{  }) returned error: code=400, message=invalid semicolon separator in query, internal=invalid semicolon separator in query
2023/11/21 14:04:07 in /register, c.Bind(&{  }) returned error: code=400, message=invalid semicolon separator in query, internal=invalid semicolon separator in query
2023/11/21 14:05:31 in /register, c.Bind(&{  }) returned error: code=400, message=invalid semicolon separator in query, internal=invalid semicolon separator in query
2023/11/21 14:05:31 in /register, c.Bind(&{  }) returned error: code=400, message=invalid semicolon separator in query, internal=invalid semicolon separator in query
2023/11/21 14:05:31 in /register, c.Bind(&{  }) returned error: code=400, message=invalid semicolon separator in query, internal=invalid semicolon separator in query
2023/11/21 14:05:31 in /register, c.Bind(&{  }) returned error: code=400, message=invalid semicolon separator in query, internal=invalid semicolon separator in query
2023/11/21 14:06:15 in /register, c.Bind(&{  }) returned error: code=400, message=invalid semicolon separator in query, internal=invalid semicolon separator in query
2023/11/21 14:06:15 in /register, c.Bind(&{  }) returned error: code=400, message=invalid semicolon separator in query, internal=invalid semicolon separator in query
2023/11/21 14:06:15 in /register, c.Bind(&{  }) returned error: code=400, message=invalid semicolon separator in query, internal=invalid semicolon separator in query
2023/11/21 14:06:15 in /register, c.Bind(&{  }) returned error: code=400, message=invalid semicolon separator in query, internal=invalid semicolon separator in query
2023/11/21 14:06:45 in /register, c.Bind(&{  }) returned error: code=400, message=invalid semicolon separator in query, internal=invalid semicolon separator in query
2023/11/21 14:06:45 in /register, c.Bind(&{  }) returned error: code=400, message=invalid semicolon separator in query, internal=invalid semicolon separator in query
2023/11/21 14:06:45 in /register, c.Bind(&{  }) returned error: code=400, message=invalid semicolon separator in query, internal=invalid semicolon separator in query
2023/11/21 14:06:45 in /register, c.Bind(&{  }) returned error: code=400, message=invalid semicolon separator in query, internal=invalid semicolon separator in query
2023/11/21 14:07:56 in /register, c.Bind(&{  }) returned error: code=400, message=invalid semicolon separator in query, internal=invalid semicolon separator in query
2023/11/21 14:07:56 in /register, c.Bind(&{  }) returned error: code=400, message=invalid semicolon separator in query, internal=invalid semicolon separator in query
2023/11/21 18:25:45 in /register, c.Bind(&{  }) returned error: code=400, message=invalid semicolon separator in query, internal=invalid semicolon separator in query
2023/11/21 18:25:45 in /register, c.Bind(&{  }) returned error: code=400, message=invalid semicolon separator in query, internal=invalid semicolon separator in query
2023/11/21 18:31:14 in /register, c.Bind(&{  }) returned error: code=400, message=invalid semicolon separator in query, internal=invalid semicolon separator in query
2023/11/21 18:31:14 in /register, c.Bind(&{  }) returned error: code=400, message=invalid semicolon separator in query, internal=invalid semicolon separator in query
2023/11/21 18:36:48 in /register, c.Bind(&{  }) returned error: code=400, message=invalid semicolon separator in query, internal=invalid semicolon separator in query
2023/11/21 18:36:48 in /register, c.Bind(&{  }) returned error: code=400, message=invalid semicolon separator in query, internal=invalid semicolon separator in query
2023/11/22 22:08:56 in /increaseGoodNum, strconv.Atoi() returned error: strconv.Atoi: parsing "": invalid syntax
2023/11/22 22:09:05 in /increaseGoodNum, strconv.Atoi() returned error: strconv.Atoi: parsing "": invalid syntax
2023/11/22 22:09:22 in /increaseGadNum, strconv.Atoi() returned error: strconv.Atoi: parsing "": invalid syntax
2023/11/26 13:01:18 in /increaseGoodNum, strconv.Atoi() returned error: strconv.Atoi: parsing "": invalid syntax
2023/11/26 13:01:34 in /increaseGoodNum, strconv.Atoi() returned error: strconv.Atoi: parsing "": invalid syntax
2023/11/26 13:16:12 in /increaseGoodNum, strconv.Atoi() returned error: strconv.Atoi: parsing "": invalid syntax
2023/11/26 13:18:18 in /increaseGoodNum, strconv.Atoi() returned error: strconv.Atoi: parsing "": invalid syntax
